2025-12-26 02:06:31 - app - INFO - ================================================================================
2025-12-26 02:06:31 - app - INFO - ================================================================================
2025-12-26 02:06:33 - app - INFO - ================================================================================
2025-12-26 02:06:33 - app - INFO - ================================================================================
2025-12-26 02:23:13 - app - INFO - ================================================================================
2025-12-26 02:23:13 - app - INFO - ================================================================================
2025-12-26 02:23:14 - app - INFO - ================================================================================
2025-12-26 02:23:14 - app - INFO - ================================================================================
2025-12-26 02:32:45 - app - INFO - ================================================================================
2025-12-26 02:32:45 - app - INFO - ================================================================================
2025-12-26 15:33:57 - app - INFO - ================================================================================
2025-12-26 15:33:57 - app - INFO - ================================================================================
2025-12-26 15:34:00 - app - INFO - ================================================================================
2025-12-26 15:34:00 - app - INFO - ================================================================================
2025-12-26 17:59:53 - app - INFO - ================================================================================
2025-12-26 17:59:54 - app - INFO - ================================================================================
2025-12-26 21:57:17 - app - INFO - ================================================================================
2025-12-26 21:57:17 - app - INFO - ================================================================================
2025-12-26 21:57:19 - app - INFO - ================================================================================
2025-12-26 21:57:19 - app - INFO - ================================================================================
2025-12-26 22:00:59 - app - INFO - ================================================================================
2025-12-26 22:00:59 - app - INFO - ================================================================================
2025-12-26 22:01:30 - app - INFO - ================================================================================
2025-12-26 22:01:30 - app - INFO - ================================================================================
2025-12-26 22:08:04 - app - INFO - ================================================================================
2025-12-26 22:08:04 - app - INFO - ================================================================================
2025-12-27 07:40:59 - app - INFO - ================================================================================
2025-12-27 07:40:59 - app - INFO - ================================================================================
2025-12-27 07:41:01 - app - INFO - ================================================================================
2025-12-27 07:41:01 - app - INFO - ================================================================================
2025-12-27 07:43:29 - app - INFO - ================================================================================
2025-12-27 07:43:29 - app - INFO - ================================================================================
2025-12-27 07:44:47 - app - INFO - ================================================================================
2025-12-27 07:44:47 - app - INFO - ================================================================================
2025-12-27 07:45:00 - app - INFO - ================================================================================
2025-12-27 07:45:00 - app - INFO - ================================================================================
2025-12-27 09:00:22 - app - INFO - ================================================================================
2025-12-27 09:00:22 - app - INFO - ================================================================================
2025-12-27 09:17:39 - app - INFO - ================================================================================
2025-12-27 09:17:40 - app - INFO - ================================================================================
2025-12-27 09:24:13 - app - INFO - ================================================================================
2025-12-27 09:24:13 - app - INFO - ================================================================================
2025-12-27 09:24:43 - app - INFO - ================================================================================
2025-12-27 09:24:43 - app - INFO - ================================================================================
2025-12-27 09:27:59 - app - INFO - ================================================================================
2025-12-27 09:27:59 - app - INFO - ================================================================================
2025-12-27 09:28:06 - app - INFO - ================================================================================
2025-12-27 09:28:06 - app - INFO - ================================================================================
2025-12-27 09:28:09 - app - INFO - ================================================================================
2025-12-27 09:28:09 - app - INFO - ================================================================================
2025-12-27 09:28:27 - app - INFO - ================================================================================
2025-12-27 09:28:27 - app - INFO - ================================================================================
2025-12-27 09:28:29 - app - INFO - ================================================================================
2025-12-27 09:28:29 - app - INFO - ================================================================================
2025-12-27 09:32:17 - app - INFO - ================================================================================
2025-12-27 09:32:17 - app - INFO - ================================================================================
2025-12-27 09:32:18 - app - INFO - ================================================================================
2025-12-27 09:32:18 - app - INFO - ================================================================================
2025-12-27 09:32:22 - app - INFO - ================================================================================
2025-12-27 09:32:22 - app - INFO - ================================================================================
2025-12-27 09:32:27 - app - INFO - ================================================================================
2025-12-27 09:32:27 - app - INFO - ================================================================================
2025-12-27 09:32:37 - app - INFO - ================================================================================
2025-12-27 09:32:37 - app - INFO - ================================================================================
2025-12-27 09:32:41 - app - INFO - ================================================================================
2025-12-27 09:32:41 - app - INFO - ================================================================================
2025-12-27 09:35:29 - app - INFO - ================================================================================
2025-12-27 09:35:29 - app - INFO - ================================================================================
2025-12-27 09:36:14 - app - INFO - ================================================================================
2025-12-27 09:36:14 - app - INFO - ================================================================================
2025-12-27 09:36:19 - app - INFO - ================================================================================
2025-12-27 09:36:19 - app - INFO - ================================================================================
2025-12-27 09:38:25 - app - INFO - ================================================================================
2025-12-27 09:38:26 - app - INFO - ================================================================================
2025-12-27 09:39:04 - app - INFO - ================================================================================
2025-12-27 09:39:04 - app - INFO - ================================================================================
2025-12-27 09:43:02 - app - INFO - ================================================================================
2025-12-27 09:43:03 - app - INFO - ================================================================================
2025-12-27 09:43:33 - app - INFO - ================================================================================
2025-12-27 09:43:34 - app - INFO - ================================================================================
2025-12-27 09:48:34 - app - INFO - ================================================================================
2025-12-27 09:48:34 - app - INFO - ================================================================================
2025-12-27 11:13:17 - app - INFO - ================================================================================
2025-12-27 11:13:17 - app - INFO - ================================================================================
2025-12-27 11:13:19 - app - INFO - ================================================================================
2025-12-27 11:13:19 - app - INFO - ================================================================================
2025-12-27 11:15:27 - app - INFO - ================================================================================
2025-12-27 11:15:27 - app - INFO - ================================================================================
2025-12-27 11:43:16 - app - INFO - ================================================================================
2025-12-27 11:43:16 - app - INFO - ================================================================================
2025-12-27 11:43:19 - app - INFO - ================================================================================
2025-12-27 11:43:19 - app - INFO - SYNTHGUARD ORCHESTRATOR STARTING UP
2025-12-27 11:43:19 - app - INFO - ================================================================================
2025-12-27 11:43:20 - app - INFO - Orchestrator client initialized
2025-12-27 11:43:20 - app - INFO - Scoring engine initialized
2025-12-27 11:43:20 - app - INFO - Checking layer health...
2025-12-27 11:43:20 - app - INFO - ================================================================================
2025-12-27 11:43:20 - app - INFO - Server running on http://0.0.0.0:9000
2025-12-27 11:43:20 - app - INFO - ================================================================================
2025-12-27 11:43:24 - app - INFO - ================================================================================
2025-12-27 11:43:24 - app - INFO -  SYNTHGUARD ORCHESTRATOR SHUTTING DOWN
2025-12-27 11:43:24 - app - INFO - ================================================================================
2025-12-27 11:52:33 - app - INFO - ================================================================================
2025-12-27 11:52:33 - app - INFO - SYNTHGUARD ORCHESTRATOR STARTING UP
2025-12-27 11:52:33 - app - INFO - ================================================================================
2025-12-27 11:52:34 - app - INFO - Orchestrator client initialized
2025-12-27 11:52:34 - app - INFO - Scoring engine initialized
2025-12-27 11:52:34 - app - INFO - Checking layer health...
2025-12-27 11:52:35 - app - INFO - ================================================================================
2025-12-27 11:52:35 - app - INFO - Server running on http://0.0.0.0:9000
2025-12-27 11:52:35 - app - INFO - ================================================================================
2025-12-27 11:54:22 - app - INFO - ================================================================================
2025-12-27 11:54:22 - app - INFO -  NEW VERIFICATION REQUEST: ver_612f8bd3d1d3
2025-12-27 11:54:22 - app - INFO -  Identity: sanjay r (231501146@rajalakshmi.edu.in)
2025-12-27 11:54:22 - app - INFO - ================================================================================
2025-12-27 11:54:22 - app - INFO -  Dispatching to all layers in parallel...
2025-12-27 11:54:53 - app - INFO -  All layers completed - 3 results received
2025-12-27 11:54:53 - app - INFO -  Calculating final score...
2025-12-27 11:54:53 - app - ERROR -  Verification failed: 'Layer1Result' object has no attribute 'get'
Traceback (most recent call last):
  File "D:\synthguard2\orchestrator\app.py", line 263, in verify_identity
    scoring_engine.calculate_final_score(layer_results)
  File "D:\synthguard2\orchestrator\scoring_engine.py", line 111, in calculate_final_score
    confidence = determine_confidence(final_score, layer_results)
                 ^^^^^^^^^^^^^^^^^^^^^^^^^^^^^^^^^^^^^^^^^^^^^^^^
  File "D:\synthguard2\orchestrator\utils.py", line 267, in determine_confidence
    scores = [r.get('score', 0) for r in layer_results.values() if r.get('status') == 'SUCCESS']
             ^^^^^^^^^^^^^^^^^^^^^^^^^^^^^^^^^^^^^^^^^^^^^^^^^^^^^^^^^^^^^^^^^^^^^^^^^^^^^^^^^^^
  File "D:\synthguard2\orchestrator\utils.py", line 267, in <listcomp>
    scores = [r.get('score', 0) for r in layer_results.values() if r.get('status') == 'SUCCESS']
                                                                   ^^^^^
  File "D:\synthguard2\orchestrator\venv311\Lib\site-packages\pydantic\main.py", line 761, in __getattr__
    raise AttributeError(f'{type(self).__name__!r} object has no attribute {item!r}')
AttributeError: 'Layer1Result' object has no attribute 'get'
2025-12-27 12:03:35 - app - INFO - ================================================================================
2025-12-27 12:03:35 - app - INFO -  SYNTHGUARD ORCHESTRATOR SHUTTING DOWN
2025-12-27 12:03:35 - app - INFO - ================================================================================
2025-12-27 12:07:53 - app - INFO - ================================================================================
2025-12-27 12:07:53 - app - INFO - SYNTHGUARD ORCHESTRATOR STARTING UP
2025-12-27 12:07:53 - app - INFO - ================================================================================
2025-12-27 12:07:55 - app - INFO - Orchestrator client initialized
2025-12-27 12:07:55 - app - INFO - Scoring engine initialized
2025-12-27 12:07:55 - app - INFO - Checking layer health...
2025-12-27 12:07:55 - app - INFO - ================================================================================
2025-12-27 12:07:55 - app - INFO - Server running on http://0.0.0.0:9000
2025-12-27 12:07:55 - app - INFO - ================================================================================
2025-12-27 12:08:53 - app - INFO - ================================================================================
2025-12-27 12:08:53 - app - INFO -  NEW VERIFICATION REQUEST: ver_0d716abac321
2025-12-27 12:08:53 - app - INFO -  Identity: sanjay (231501146@rajalakshmi.edu.in)
2025-12-27 12:08:53 - app - INFO - ================================================================================
2025-12-27 12:08:53 - app - INFO -  Dispatching to all layers in parallel...
2025-12-27 12:09:25 - app - INFO -  All layers completed - 3 results received
2025-12-27 12:09:25 - app - INFO -  Calculating final score...
2025-12-27 12:09:25 - app - INFO - ================================================================================
2025-12-27 12:09:25 - app - INFO -  VERIFICATION COMPLETE: ver_0d716abac321
2025-12-27 12:09:25 - app - INFO - Final Score: 52.01/100
2025-12-27 12:09:25 - app - INFO -   Verdict: SUSPICIOUS
2025-12-27 12:09:25 - app - INFO -  Confidence: MEDIUM
2025-12-27 12:09:25 - app - INFO -   Total Time: 31380ms
2025-12-27 12:09:25 - app - INFO -  Red Flags: 1
2025-12-27 12:09:25 - app - INFO -  Trust Indicators: 1
2025-12-27 12:09:25 - app - INFO - ================================================================================
2025-12-27 12:18:02 - app - INFO - ================================================================================
2025-12-27 12:18:02 - app - INFO -  NEW VERIFICATION REQUEST: ver_fb705082cf31
2025-12-27 12:18:02 - app - INFO -  Identity: sanjay (231501146@rajalakshmi.edu.in)
2025-12-27 12:18:02 - app - INFO - ================================================================================
2025-12-27 12:18:02 - app - INFO -  Dispatching to all layers in parallel...
2025-12-27 12:18:15 - app - INFO -  All layers completed - 3 results received
2025-12-27 12:18:15 - app - INFO -  Calculating final score...
2025-12-27 12:18:15 - app - INFO - ================================================================================
2025-12-27 12:18:15 - app - INFO -  VERIFICATION COMPLETE: ver_fb705082cf31
2025-12-27 12:18:15 - app - INFO - Final Score: 44.83/100
2025-12-27 12:18:15 - app - INFO -   Verdict: REJECT
2025-12-27 12:18:15 - app - INFO -  Confidence: MEDIUM
2025-12-27 12:18:15 - app - INFO -   Total Time: 12965ms
2025-12-27 12:18:15 - app - INFO -  Red Flags: 2
2025-12-27 12:18:15 - app - INFO -  Trust Indicators: 6
2025-12-27 12:18:15 - app - INFO - ================================================================================
2025-12-27 12:22:13 - app - INFO - ================================================================================
2025-12-27 12:22:13 - app - INFO -  NEW VERIFICATION REQUEST: ver_70f3782535ec
2025-12-27 12:22:13 - app - INFO -  Identity: shalini  (231801162@rajalakshmi.edu.in)
2025-12-27 12:22:13 - app - INFO - ================================================================================
2025-12-27 12:22:13 - app - INFO -  Dispatching to all layers in parallel...
2025-12-27 12:22:39 - app - INFO -  All layers completed - 3 results received
2025-12-27 12:22:39 - app - INFO -  Calculating final score...
2025-12-27 12:22:39 - app - INFO - ================================================================================
2025-12-27 12:22:39 - app - INFO -  VERIFICATION COMPLETE: ver_70f3782535ec
2025-12-27 12:22:39 - app - INFO - Final Score: 64.9/100
2025-12-27 12:22:39 - app - INFO -   Verdict: SUSPICIOUS
2025-12-27 12:22:39 - app - INFO -  Confidence: MEDIUM
2025-12-27 12:22:39 - app - INFO -   Total Time: 26207ms
2025-12-27 12:22:39 - app - INFO -  Red Flags: 1
2025-12-27 12:22:39 - app - INFO -  Trust Indicators: 5
2025-12-27 12:22:39 - app - INFO - ================================================================================
2025-12-27 12:26:48 - app - INFO - ================================================================================
2025-12-27 12:26:48 - app - INFO -  SYNTHGUARD ORCHESTRATOR SHUTTING DOWN
2025-12-27 12:26:48 - app - INFO - ================================================================================
2025-12-27 13:32:29 - app - INFO - ================================================================================
2025-12-27 13:32:29 - app - INFO - SYNTHGUARD ORCHESTRATOR STARTING UP
2025-12-27 13:32:29 - app - INFO - ================================================================================
2025-12-27 13:32:30 - app - INFO - Orchestrator client initialized
2025-12-27 13:32:30 - app - INFO - Scoring engine initialized
2025-12-27 13:32:30 - app - INFO - Checking layer health...
2025-12-27 13:32:30 - app - INFO - ================================================================================
2025-12-27 13:32:30 - app - INFO - Server running on http://0.0.0.0:9000
2025-12-27 13:32:30 - app - INFO - ================================================================================
2025-12-27 13:33:30 - app - INFO - ================================================================================
2025-12-27 13:33:30 - app - INFO -  NEW VERIFICATION REQUEST: ver_e08bff96153e
2025-12-27 13:33:30 - app - INFO -  Identity: shalini  (231801162@rajalakshmi.edu.in)
2025-12-27 13:33:30 - app - INFO - ================================================================================
2025-12-27 13:33:30 - app - INFO -  Dispatching to all layers in parallel...
2025-12-27 13:33:59 - app - INFO -  All layers completed - 3 results received
2025-12-27 13:33:59 - app - INFO -  Calculating final score...
2025-12-27 13:33:59 - app - INFO - ================================================================================
2025-12-27 13:33:59 - app - INFO -  VERIFICATION COMPLETE: ver_e08bff96153e
2025-12-27 13:33:59 - app - INFO - Final Score: 64.9/100
2025-12-27 13:33:59 - app - INFO -   Verdict: SUSPICIOUS
2025-12-27 13:33:59 - app - INFO -  Confidence: MEDIUM
2025-12-27 13:33:59 - app - INFO -   Total Time: 28745ms
2025-12-27 13:33:59 - app - INFO -  Red Flags: 1
2025-12-27 13:33:59 - app - INFO -  Trust Indicators: 5
2025-12-27 13:33:59 - app - INFO - ================================================================================
2025-12-27 13:35:45 - app - INFO - ================================================================================
2025-12-27 13:35:45 - app - INFO -  SYNTHGUARD ORCHESTRATOR SHUTTING DOWN
2025-12-27 13:35:45 - app - INFO - ================================================================================
2025-12-27 13:35:48 - app - INFO - ================================================================================
2025-12-27 13:35:48 - app - INFO - SYNTHGUARD ORCHESTRATOR STARTING UP
2025-12-27 13:35:48 - app - INFO - ================================================================================
2025-12-27 13:36:06 - app - INFO - ================================================================================
2025-12-27 13:36:06 - app - INFO - SYNTHGUARD ORCHESTRATOR STARTING UP
2025-12-27 13:36:06 - app - INFO - ================================================================================
2025-12-27 13:52:33 - app - INFO - ================================================================================
2025-12-27 13:52:33 - app - INFO - SYNTHGUARD ORCHESTRATOR STARTING UP
2025-12-27 13:52:33 - app - INFO - ================================================================================
2025-12-27 13:52:35 - app - INFO - Orchestrator client initialized
2025-12-27 13:52:35 - app - INFO - Scoring engine initialized
2025-12-27 13:52:35 - app - INFO - Checking layer health...
2025-12-27 13:52:36 - app - INFO - ================================================================================
2025-12-27 13:52:36 - app - INFO - Server running on http://0.0.0.0:9000
2025-12-27 13:52:36 - app - INFO - ================================================================================
2025-12-27 13:55:34 - app - INFO - ================================================================================
2025-12-27 13:55:34 - app - INFO -  SYNTHGUARD ORCHESTRATOR SHUTTING DOWN
2025-12-27 13:55:34 - app - INFO - ================================================================================
2025-12-27 14:24:06 - app - INFO - ================================================================================
2025-12-27 14:24:06 - app - INFO - SYNTHGUARD ORCHESTRATOR STARTING UP
2025-12-27 14:24:06 - app - INFO - ================================================================================
2025-12-27 14:24:07 - app - INFO - Orchestrator client initialized
2025-12-27 14:24:07 - app - INFO - Scoring engine initialized
2025-12-27 14:24:07 - app - INFO - Checking layer health...
2025-12-27 14:24:07 - app - INFO - ================================================================================
2025-12-27 14:24:07 - app - INFO - Server running on http://0.0.0.0:9000
2025-12-27 14:24:07 - app - INFO - ================================================================================
2025-12-27 14:25:48 - app - INFO - ================================================================================
2025-12-27 14:25:48 - app - INFO -  NEW VERIFICATION REQUEST: ver_47558eff7cb8
2025-12-27 14:25:48 - app - INFO -  Identity: shalini  (231801162@rajalakshmi.edu.in)
2025-12-27 14:25:48 - app - INFO - ================================================================================
2025-12-27 14:25:48 - app - INFO -  Dispatching to all layers in parallel...
2025-12-27 14:26:19 - app - INFO -  All layers completed - 3 results received
2025-12-27 14:26:19 - app - INFO -  Calculating final score...
2025-12-27 14:26:19 - app - INFO - ================================================================================
2025-12-27 14:26:19 - app - INFO -  VERIFICATION COMPLETE: ver_47558eff7cb8
2025-12-27 14:26:19 - app - INFO - Final Score: 52.34/100
2025-12-27 14:26:19 - app - INFO -   Verdict: SUSPICIOUS
2025-12-27 14:26:19 - app - INFO -  Confidence: MEDIUM
2025-12-27 14:26:19 - app - INFO -   Total Time: 31158ms
2025-12-27 14:26:19 - app - INFO -  Red Flags: 1
2025-12-27 14:26:19 - app - INFO -  Trust Indicators: 1
2025-12-27 14:26:19 - app - INFO - ================================================================================
2025-12-27 16:59:19 - app - INFO - ================================================================================
2025-12-27 16:59:19 - app - INFO -  SYNTHGUARD ORCHESTRATOR SHUTTING DOWN
2025-12-27 16:59:19 - app - INFO - ================================================================================
2025-12-27 17:43:02 - app - INFO - ================================================================================
2025-12-27 17:43:02 - app - INFO - SYNTHGUARD ORCHESTRATOR STARTING UP
2025-12-27 17:43:02 - app - INFO - ================================================================================
2025-12-27 17:43:03 - app - INFO - Orchestrator client initialized
2025-12-27 17:43:03 - app - INFO - Scoring engine initialized
2025-12-27 17:43:03 - app - INFO - Checking layer health...
2025-12-27 17:43:04 - app - INFO - ================================================================================
2025-12-27 17:43:04 - app - INFO - Server running on http://0.0.0.0:9000
2025-12-27 17:43:04 - app - INFO - ================================================================================
2025-12-27 19:46:41 - app - INFO - ================================================================================
2025-12-27 19:46:41 - app - INFO -  NEW VERIFICATION REQUEST: ver_14ce25cc7f62
2025-12-27 19:46:41 - app - INFO -  Identity: Sanjay R (231501146@rajalakshmi.edu.in)
2025-12-27 19:46:41 - app - INFO - ================================================================================
2025-12-27 19:46:41 - app - INFO -  Dispatching to all layers in parallel...
2025-12-27 19:47:10 - app - INFO -  All layers completed - 3 results received
2025-12-27 19:47:10 - app - INFO -  Calculating final score...
2025-12-27 19:47:10 - app - INFO - ================================================================================
2025-12-27 19:47:10 - app - INFO -  VERIFICATION COMPLETE: ver_14ce25cc7f62
2025-12-27 19:47:10 - app - INFO - Final Score: 44.81/100
2025-12-27 19:47:10 - app - INFO -   Verdict: REJECT
2025-12-27 19:47:10 - app - INFO -  Confidence: MEDIUM
2025-12-27 19:47:10 - app - INFO -   Total Time: 29703ms
2025-12-27 19:47:10 - app - INFO -  Red Flags: 2
2025-12-27 19:47:10 - app - INFO -  Trust Indicators: 6
2025-12-27 19:47:10 - app - INFO - ================================================================================
2025-12-27 20:47:15 - app - INFO - ================================================================================
2025-12-27 20:47:15 - app - INFO -  SYNTHGUARD ORCHESTRATOR SHUTTING DOWN
2025-12-27 20:47:15 - app - INFO - ================================================================================
2025-12-27 20:48:10 - app - INFO - ================================================================================
2025-12-27 20:48:10 - app - INFO - SYNTHGUARD ORCHESTRATOR STARTING UP
2025-12-27 20:48:10 - app - INFO - ================================================================================
2025-12-27 20:48:11 - app - INFO - Orchestrator client initialized
2025-12-27 20:48:11 - app - INFO - Scoring engine initialized
2025-12-27 20:48:11 - app - INFO - Checking layer health...
2025-12-27 20:48:12 - app - INFO - ================================================================================
2025-12-27 20:48:12 - app - INFO - Server running on http://0.0.0.0:9000
2025-12-27 20:48:12 - app - INFO - ================================================================================
2025-12-27 20:54:32 - app - INFO - ================================================================================
2025-12-27 20:54:32 - app - INFO -  SYNTHGUARD ORCHESTRATOR SHUTTING DOWN
2025-12-27 20:54:32 - app - INFO - ================================================================================
2025-12-27 20:56:30 - app - INFO - ================================================================================
2025-12-27 20:56:30 - app - INFO - SYNTHGUARD ORCHESTRATOR STARTING UP
2025-12-27 20:56:30 - app - INFO - ================================================================================
2025-12-27 20:56:31 - app - INFO - Orchestrator client initialized
2025-12-27 20:56:31 - app - INFO - Scoring engine initialized
2025-12-27 20:56:31 - app - INFO - Checking layer health...
2025-12-27 20:56:32 - app - INFO - ================================================================================
2025-12-27 20:56:32 - app - INFO - Server running on http://0.0.0.0:9000
2025-12-27 20:56:32 - app - INFO - ================================================================================
2025-12-27 20:57:46 - app - INFO - ================================================================================
2025-12-27 20:57:46 - app - INFO -  NEW VERIFICATION REQUEST: ver_42dadde8f4e3
2025-12-27 20:57:46 - app - INFO -  Identity: sanjay r (231501146@rajalakshmi.edu.in)
2025-12-27 20:57:46 - app - INFO - ================================================================================
2025-12-27 20:57:46 - app - INFO -  Dispatching to all layers in parallel...
2025-12-27 20:58:17 - app - INFO -  All layers completed - 4 results received
2025-12-27 20:58:17 - app - INFO -  Calculating final score...
2025-12-27 20:58:17 - app - INFO - ================================================================================
2025-12-27 20:58:17 - app - INFO -  VERIFICATION COMPLETE: ver_42dadde8f4e3
2025-12-27 20:58:17 - app - INFO - Final Score: 50.66/100
2025-12-27 20:58:17 - app - INFO -   Verdict: SUSPICIOUS
2025-12-27 20:58:17 - app - INFO -  Confidence: MEDIUM
2025-12-27 20:58:17 - app - INFO -   Total Time: 30870ms
2025-12-27 20:58:17 - app - INFO -  Red Flags: 2
2025-12-27 20:58:17 - app - INFO -  Trust Indicators: 9
2025-12-27 20:58:17 - app - INFO - ================================================================================
2025-12-28 01:32:35 - app - INFO - ================================================================================
2025-12-28 01:32:35 - app - INFO -  SYNTHGUARD ORCHESTRATOR SHUTTING DOWN
2025-12-28 01:32:35 - app - INFO - ================================================================================
2025-12-28 01:32:48 - app - INFO - ================================================================================
2025-12-28 01:32:48 - app - INFO - SYNTHGUARD ORCHESTRATOR STARTING UP
2025-12-28 01:32:48 - app - INFO - ================================================================================
2025-12-28 01:32:49 - app - INFO - Orchestrator client initialized
2025-12-28 01:32:49 - app - INFO - Scoring engine initialized
2025-12-28 01:32:49 - app - INFO - Checking layer health...
2025-12-28 01:32:50 - app - INFO - ================================================================================
2025-12-28 01:32:50 - app - INFO - Server running on http://0.0.0.0:9000
2025-12-28 01:32:50 - app - INFO - ================================================================================
2025-12-28 01:33:25 - app - INFO - ================================================================================
2025-12-28 01:33:25 - app - INFO -  NEW VERIFICATION REQUEST: ver_46eb9c0a0fcc
2025-12-28 01:33:25 - app - INFO -  Identity: John Doe (johndoe@example.com)
2025-12-28 01:33:25 - app - INFO - ================================================================================
2025-12-28 01:33:25 - app - INFO -  Dispatching to all layers in parallel...
2025-12-28 01:33:25 - app - INFO -  All layers completed - 2 results received
2025-12-28 01:33:25 - app - INFO -  Calculating final score...
2025-12-28 01:33:25 - app - INFO - ================================================================================
2025-12-28 01:33:25 - app - INFO -  VERIFICATION COMPLETE: ver_46eb9c0a0fcc
2025-12-28 01:33:25 - app - INFO - Final Score: 57.5/100
2025-12-28 01:33:25 - app - INFO -   Verdict: SUSPICIOUS
2025-12-28 01:33:25 - app - INFO -  Confidence: MEDIUM
2025-12-28 01:33:25 - app - INFO -   Total Time: 726ms
2025-12-28 01:33:25 - app - INFO -  Red Flags: 0
2025-12-28 01:33:25 - app - INFO -  Trust Indicators: 2
2025-12-28 01:33:25 - app - INFO - ================================================================================
2025-12-28 01:35:54 - app - INFO - ================================================================================
2025-12-28 01:35:54 - app - INFO -  NEW VERIFICATION REQUEST: ver_dc2d464c48f8
2025-12-28 01:35:54 - app - INFO -  Identity: Alice NewUser (alice@example.com)
2025-12-28 01:35:54 - app - INFO - ================================================================================
2025-12-28 01:35:54 - app - INFO -  Dispatching to all layers in parallel...
2025-12-28 01:36:23 - app - INFO -  All layers completed - 2 results received
2025-12-28 01:36:23 - app - INFO -  Calculating final score...
2025-12-28 01:36:23 - app - INFO - ================================================================================
2025-12-28 01:36:23 - app - INFO -  VERIFICATION COMPLETE: ver_dc2d464c48f8
2025-12-28 01:36:23 - app - INFO - Final Score: 31.13/100
2025-12-28 01:36:23 - app - INFO -   Verdict: REJECT
2025-12-28 01:36:23 - app - INFO -  Confidence: MEDIUM
2025-12-28 01:36:23 - app - INFO -   Total Time: 29146ms
2025-12-28 01:36:23 - app - INFO -  Red Flags: 2
2025-12-28 01:36:23 - app - INFO -  Trust Indicators: 5
2025-12-28 01:36:23 - app - INFO - ================================================================================
2025-12-28 01:40:29 - app - INFO - ================================================================================
2025-12-28 01:40:29 - app - INFO -  SYNTHGUARD ORCHESTRATOR SHUTTING DOWN
2025-12-28 01:40:29 - app - INFO - ================================================================================
2025-12-28 01:43:18 - app - INFO - ================================================================================
2025-12-28 01:43:18 - app - INFO - SYNTHGUARD ORCHESTRATOR STARTING UP
2025-12-28 01:43:18 - app - INFO - ================================================================================
2025-12-28 01:43:19 - app - INFO - Orchestrator client initialized
2025-12-28 01:43:19 - app - INFO - Scoring engine initialized
2025-12-28 01:43:19 - app - INFO - Checking layer health...
2025-12-28 01:43:20 - app - INFO - ================================================================================
2025-12-28 01:43:20 - app - INFO - Server running on http://0.0.0.0:9000
2025-12-28 01:43:20 - app - INFO - ================================================================================
2025-12-28 01:47:58 - app - INFO - ================================================================================
2025-12-28 01:47:58 - app - INFO -  NEW VERIFICATION REQUEST: ver_bc1821b1c2d5
2025-12-28 01:47:58 - app - INFO -  Identity: sanjay (231501146@rajalakshmi.edu.in)
2025-12-28 01:47:58 - app - INFO - ================================================================================
2025-12-28 01:47:58 - app - INFO -  Dispatching to all layers in parallel...
2025-12-28 01:48:29 - app - INFO -  All layers completed - 4 results received
2025-12-28 01:48:29 - app - INFO -  Calculating final score...
2025-12-28 01:48:29 - app - INFO - ================================================================================
2025-12-28 01:48:29 - app - INFO -  VERIFICATION COMPLETE: ver_bc1821b1c2d5
2025-12-28 01:48:29 - app - INFO - Final Score: 61.66/100
2025-12-28 01:48:29 - app - INFO -   Verdict: SUSPICIOUS
2025-12-28 01:48:29 - app - INFO -  Confidence: MEDIUM
2025-12-28 01:48:29 - app - INFO -   Total Time: 31364ms
2025-12-28 01:48:29 - app - INFO -  Red Flags: 0
2025-12-28 01:48:29 - app - INFO -  Trust Indicators: 4
2025-12-28 01:48:29 - app - INFO - ================================================================================
2025-12-28 01:50:01 - app - INFO - ================================================================================
2025-12-28 01:50:01 - app - INFO -  NEW VERIFICATION REQUEST: ver_5afc7497cab7
2025-12-28 01:50:01 - app - INFO -  Identity: sanjay (231501146@rajalakshmi.edu.in)
2025-12-28 01:50:01 - app - INFO - ================================================================================
2025-12-28 01:50:01 - app - INFO -  Dispatching to all layers in parallel...
2025-12-28 01:50:23 - app - INFO -  All layers completed - 4 results received
2025-12-28 01:50:23 - app - INFO -  Calculating final score...
2025-12-28 01:50:23 - app - INFO - ================================================================================
2025-12-28 01:50:23 - app - INFO -  VERIFICATION COMPLETE: ver_5afc7497cab7
2025-12-28 01:50:23 - app - INFO - Final Score: 55.53/100
2025-12-28 01:50:23 - app - INFO -   Verdict: SUSPICIOUS
2025-12-28 01:50:23 - app - INFO -  Confidence: MEDIUM
2025-12-28 01:50:23 - app - INFO -   Total Time: 22639ms
2025-12-28 01:50:23 - app - INFO -  Red Flags: 1
2025-12-28 01:50:23 - app - INFO -  Trust Indicators: 9
2025-12-28 01:50:23 - app - INFO - ================================================================================
2025-12-28 02:06:54 - app - INFO - ================================================================================
2025-12-28 02:06:54 - app - INFO -  SYNTHGUARD ORCHESTRATOR SHUTTING DOWN
2025-12-28 02:06:54 - app - INFO - ================================================================================
2025-12-28 02:22:45 - app - INFO - ================================================================================
2025-12-28 02:22:45 - app - INFO - SYNTHGUARD ORCHESTRATOR STARTING UP
2025-12-28 02:22:45 - app - INFO - ================================================================================
2025-12-28 02:22:46 - app - INFO - Orchestrator client initialized
2025-12-28 02:22:46 - app - INFO - Scoring engine initialized
2025-12-28 02:22:46 - app - INFO - Checking layer health...
2025-12-28 02:22:46 - app - INFO - ================================================================================
2025-12-28 02:22:46 - app - INFO - Server running on http://0.0.0.0:9000
2025-12-28 02:22:46 - app - INFO - ================================================================================
2025-12-28 02:23:38 - app - INFO - ================================================================================
2025-12-28 02:23:38 - app - INFO -  NEW VERIFICATION REQUEST: ver_0bb1f2559081
2025-12-28 02:23:38 - app - INFO -  Identity: Sanjay R (231501146@rajalakshmi.edu.in)
2025-12-28 02:23:38 - app - INFO - ================================================================================
2025-12-28 02:23:38 - app - INFO -  Dispatching to all layers in parallel...
2025-12-28 02:23:56 - app - INFO -  All layers completed - 4 results received
2025-12-28 02:23:56 - app - INFO -  Calculating final score...
2025-12-28 02:23:56 - app - INFO - ================================================================================
2025-12-28 02:23:56 - app - INFO -  VERIFICATION COMPLETE: ver_0bb1f2559081
2025-12-28 02:23:56 - app - INFO - Final Score: 55.37/100
2025-12-28 02:23:56 - app - INFO -   Verdict: SUSPICIOUS
2025-12-28 02:23:56 - app - INFO -  Confidence: MEDIUM
2025-12-28 02:23:56 - app - INFO -   Total Time: 18445ms
2025-12-28 02:23:56 - app - INFO -  Red Flags: 2
2025-12-28 02:23:56 - app - INFO -  Trust Indicators: 8
2025-12-28 02:23:56 - app - INFO - ================================================================================
2025-12-28 02:24:22 - app - INFO - ================================================================================
2025-12-28 02:24:22 - app - INFO -  SYNTHGUARD ORCHESTRATOR SHUTTING DOWN
2025-12-28 02:24:22 - app - INFO - ================================================================================
2025-12-28 07:06:25 - app - INFO - ================================================================================
2025-12-28 07:06:25 - app - INFO - SYNTHGUARD ORCHESTRATOR STARTING UP
2025-12-28 07:06:25 - app - INFO - ================================================================================
2025-12-28 07:06:26 - app - INFO - Orchestrator client initialized
2025-12-28 07:06:26 - app - INFO - Scoring engine initialized
2025-12-28 07:06:26 - app - INFO - Checking layer health...
2025-12-28 07:06:27 - app - INFO - ================================================================================
2025-12-28 07:06:27 - app - INFO - Server running on http://0.0.0.0:9000
2025-12-28 07:06:27 - app - INFO - ================================================================================
2025-12-28 07:08:12 - app - INFO - ================================================================================
2025-12-28 07:08:12 - app - INFO -  NEW VERIFICATION REQUEST: ver_9d8482d99684
2025-12-28 07:08:12 - app - INFO -  Identity: sanjay r (tmtsanjayrox@gmail.com)
2025-12-28 07:08:12 - app - INFO - ================================================================================
2025-12-28 07:08:12 - app - INFO -  Dispatching to all layers in parallel...
2025-12-28 07:08:23 - app - INFO -  All layers completed - 4 results received
2025-12-28 07:08:23 - app - INFO -  Calculating final score...
2025-12-28 07:08:23 - app - INFO - ================================================================================
2025-12-28 07:08:23 - app - INFO -  VERIFICATION COMPLETE: ver_9d8482d99684
2025-12-28 07:08:23 - app - INFO - Final Score: 63.49/100
2025-12-28 07:08:23 - app - INFO -   Verdict: SUSPICIOUS
2025-12-28 07:08:23 - app - INFO -  Confidence: MEDIUM
2025-12-28 07:08:23 - app - INFO -   Total Time: 10934ms
2025-12-28 07:08:23 - app - INFO -  Red Flags: 1
2025-12-28 07:08:23 - app - INFO -  Trust Indicators: 7
2025-12-28 07:08:23 - app - INFO - ================================================================================
2025-12-28 07:09:48 - app - INFO - ================================================================================
2025-12-28 07:09:48 - app - INFO -  NEW VERIFICATION REQUEST: ver_46fa5f445e6e
2025-12-28 07:09:48 - app - INFO -  Identity: sanjay r (231501146@rajalakshmi.edu.in)
2025-12-28 07:09:48 - app - INFO - ================================================================================
2025-12-28 07:09:48 - app - INFO -  Dispatching to all layers in parallel...
2025-12-28 07:09:57 - app - INFO -  All layers completed - 4 results received
2025-12-28 07:09:57 - app - INFO -  Calculating final score...
2025-12-28 07:09:57 - app - INFO - ================================================================================
2025-12-28 07:09:57 - app - INFO -  VERIFICATION COMPLETE: ver_46fa5f445e6e
2025-12-28 07:09:57 - app - INFO - Final Score: 73.19/100
2025-12-28 07:09:57 - app - INFO -   Verdict: SUSPICIOUS
2025-12-28 07:09:57 - app - INFO -  Confidence: MEDIUM
2025-12-28 07:09:57 - app - INFO -   Total Time: 9278ms
2025-12-28 07:09:57 - app - INFO -  Red Flags: 1
2025-12-28 07:09:57 - app - INFO -  Trust Indicators: 8
2025-12-28 07:09:57 - app - INFO - ================================================================================
2025-12-28 08:47:35 - app - INFO - ================================================================================
2025-12-28 08:47:35 - app - INFO - SYNTHGUARD ORCHESTRATOR STARTING UP
2025-12-28 08:47:35 - app - INFO - ================================================================================
2025-12-28 08:47:37 - app - INFO - Orchestrator client initialized
2025-12-28 08:47:37 - app - INFO - Scoring engine initialized
2025-12-28 08:47:37 - app - INFO - Checking layer health...
2025-12-28 08:47:38 - app - INFO - ================================================================================
2025-12-28 08:47:38 - app - INFO - Server running on http://0.0.0.0:9000
2025-12-28 08:47:38 - app - INFO - ================================================================================
2025-12-28 08:49:58 - app - INFO - ================================================================================
2025-12-28 08:49:58 - app - INFO -  SYNTHGUARD ORCHESTRATOR SHUTTING DOWN
2025-12-28 08:49:58 - app - INFO - ================================================================================
2025-12-28 08:50:03 - app - INFO - ================================================================================
2025-12-28 08:50:03 - app - INFO - SYNTHGUARD ORCHESTRATOR STARTING UP
2025-12-28 08:50:03 - app - INFO - ================================================================================
2025-12-28 08:50:04 - app - INFO - Orchestrator client initialized
2025-12-28 08:50:04 - app - INFO - Scoring engine initialized
2025-12-28 08:50:04 - app - INFO - Checking layer health...
2025-12-28 08:50:05 - app - INFO - ================================================================================
2025-12-28 08:50:05 - app - INFO - Server running on http://0.0.0.0:9000
2025-12-28 08:50:05 - app - INFO - ================================================================================
2025-12-28 08:54:39 - app - INFO - ================================================================================
2025-12-28 08:54:39 - app - INFO - SYNTHGUARD ORCHESTRATOR STARTING UP
2025-12-28 08:54:39 - app - INFO - ================================================================================
2025-12-28 08:54:40 - app - INFO - Orchestrator client initialized
2025-12-28 08:54:40 - app - INFO - Scoring engine initialized
2025-12-28 08:54:40 - app - INFO - Checking layer health...
2025-12-28 08:54:40 - app - INFO - ================================================================================
2025-12-28 08:54:40 - app - INFO - Server running on http://0.0.0.0:9000
2025-12-28 08:54:40 - app - INFO - ================================================================================
2025-12-28 08:55:38 - app - INFO - ================================================================================
2025-12-28 08:55:38 - app - INFO -  NEW VERIFICATION REQUEST: ver_59c4d32b7717
2025-12-28 08:55:38 - app - INFO -  Identity: sanjay (231501146@rajalakshmi.edu.in)
2025-12-28 08:55:38 - app - INFO - ================================================================================
2025-12-28 08:55:38 - app - INFO -  Dispatching to all layers in parallel...
2025-12-28 08:55:49 - app - INFO -  All layers completed - 4 results received
2025-12-28 08:55:49 - app - INFO -  Calculating final score...
2025-12-28 08:55:49 - app - INFO - ================================================================================
2025-12-28 08:55:49 - app - INFO -  VERIFICATION COMPLETE: ver_59c4d32b7717
2025-12-28 08:55:49 - app - INFO - Final Score: 43.8/100
2025-12-28 08:55:49 - app - INFO -   Verdict: REJECT
2025-12-28 08:55:49 - app - INFO -  Confidence: MEDIUM
2025-12-28 08:55:49 - app - INFO -   Total Time: 10593ms
2025-12-28 08:55:49 - app - INFO -  Red Flags: 1
2025-12-28 08:55:49 - app - INFO -  Trust Indicators: 8
2025-12-28 08:55:49 - app - INFO - ================================================================================
2025-12-28 08:56:36 - app - INFO - ================================================================================
2025-12-28 08:56:36 - app - INFO -  SYNTHGUARD ORCHESTRATOR SHUTTING DOWN
2025-12-28 08:56:36 - app - INFO - ================================================================================
2025-12-28 09:06:47 - app - INFO - ================================================================================
2025-12-28 09:06:47 - app - INFO - SYNTHGUARD ORCHESTRATOR STARTING UP
2025-12-28 09:06:47 - app - INFO - ================================================================================
2025-12-28 09:06:47 - app - INFO - Orchestrator client initialized
2025-12-28 09:06:47 - app - INFO - Scoring engine initialized
2025-12-28 09:06:47 - app - INFO - Checking layer health...
2025-12-28 09:06:48 - app - INFO - ================================================================================
2025-12-28 09:06:48 - app - INFO - Server running on http://0.0.0.0:9000
2025-12-28 09:06:48 - app - INFO - ================================================================================
2025-12-28 09:08:47 - app - INFO - ================================================================================
2025-12-28 09:08:47 - app - INFO -  NEW VERIFICATION REQUEST: ver_1f633d989dcf
2025-12-28 09:08:47 - app - INFO -  Identity: shalini (231801162@rajalakshmi.edu.in)
2025-12-28 09:08:47 - app - INFO - ================================================================================
2025-12-28 09:08:47 - app - INFO -  Dispatching to all layers in parallel...
2025-12-28 09:08:53 - app - INFO -  All layers completed - 4 results received
2025-12-28 09:08:53 - app - INFO -  Calculating final score...
2025-12-28 09:08:53 - app - INFO - ================================================================================
2025-12-28 09:08:53 - app - INFO -  VERIFICATION COMPLETE: ver_1f633d989dcf
2025-12-28 09:08:53 - app - INFO - Final Score: 76.09/100
2025-12-28 09:08:53 - app - INFO -   Verdict: SUSPICIOUS
2025-12-28 09:08:53 - app - INFO -  Confidence: MEDIUM
2025-12-28 09:08:53 - app - INFO -   Total Time: 6344ms
2025-12-28 09:08:53 - app - INFO -  Red Flags: 0
2025-12-28 09:08:53 - app - INFO -  Trust Indicators: 10
2025-12-28 09:08:53 - app - INFO - ================================================================================
2025-12-28 09:10:15 - app - INFO - ================================================================================
2025-12-28 09:10:15 - app - INFO -  SYNTHGUARD ORCHESTRATOR SHUTTING DOWN
2025-12-28 09:10:15 - app - INFO - ================================================================================
2025-12-28 09:16:30 - app - INFO - ================================================================================
2025-12-28 09:16:30 - app - INFO - SYNTHGUARD ORCHESTRATOR STARTING UP
2025-12-28 09:16:30 - app - INFO - ================================================================================
2025-12-28 09:16:31 - app - INFO - Orchestrator client initialized
2025-12-28 09:16:31 - app - INFO - Scoring engine initialized
2025-12-28 09:16:31 - app - INFO - Checking layer health...
2025-12-28 09:16:31 - app - INFO - ================================================================================
2025-12-28 09:16:31 - app - INFO - Server running on http://0.0.0.0:9000
2025-12-28 09:16:31 - app - INFO - ================================================================================
2025-12-28 09:17:46 - app - INFO - ================================================================================
2025-12-28 09:17:46 - app - INFO -  NEW VERIFICATION REQUEST: ver_5887a4d9bccb
2025-12-28 09:17:46 - app - INFO -  Identity: shalini  (231801162@rajalakshmi.edu.in)
2025-12-28 09:17:46 - app - INFO - ================================================================================
2025-12-28 09:17:46 - app - INFO -  Dispatching to all layers in parallel...
2025-12-28 09:18:00 - app - INFO -  All layers completed - 3 results received
2025-12-28 09:18:00 - app - INFO -  Calculating final score...
2025-12-28 09:18:00 - app - INFO - ================================================================================
2025-12-28 09:18:00 - app - INFO -  VERIFICATION COMPLETE: ver_5887a4d9bccb
2025-12-28 09:18:00 - app - INFO - Final Score: 71.67/100
2025-12-28 09:18:00 - app - INFO -   Verdict: SUSPICIOUS
2025-12-28 09:18:00 - app - INFO -  Confidence: MEDIUM
2025-12-28 09:18:00 - app - INFO -   Total Time: 14400ms
2025-12-28 09:18:00 - app - INFO -  Red Flags: 1
2025-12-28 09:18:00 - app - INFO -  Trust Indicators: 8
2025-12-28 09:18:00 - app - INFO - ================================================================================
2025-12-28 09:19:23 - app - INFO - ================================================================================
2025-12-28 09:19:23 - app - INFO -  NEW VERIFICATION REQUEST: ver_4c7ec127c327
2025-12-28 09:19:23 - app - INFO -  Identity: shalini  (231801162@rajalakshmi.edu.in)
2025-12-28 09:19:23 - app - INFO - ================================================================================
2025-12-28 09:19:23 - app - INFO -  Dispatching to all layers in parallel...
2025-12-28 09:19:38 - app - INFO -  All layers completed - 4 results received
2025-12-28 09:19:38 - app - INFO -  Calculating final score...
2025-12-28 09:19:38 - app - INFO - ================================================================================
2025-12-28 09:19:38 - app - INFO -  VERIFICATION COMPLETE: ver_4c7ec127c327
2025-12-28 09:19:38 - app - INFO - Final Score: 76.09/100
2025-12-28 09:19:38 - app - INFO -   Verdict: SUSPICIOUS
2025-12-28 09:19:38 - app - INFO -  Confidence: MEDIUM
2025-12-28 09:19:38 - app - INFO -   Total Time: 15317ms
2025-12-28 09:19:38 - app - INFO -  Red Flags: 0
2025-12-28 09:19:38 - app - INFO -  Trust Indicators: 10
2025-12-28 09:19:38 - app - INFO - ================================================================================
2025-12-28 09:28:45 - app - INFO - ================================================================================
2025-12-28 09:28:45 - app - INFO -  NEW VERIFICATION REQUEST: ver_2a5ee6264bfd
2025-12-28 09:28:45 - app - INFO -  Identity: shalini  (231801162@rajalakshmi.edu.in)
2025-12-28 09:28:45 - app - INFO - ================================================================================
2025-12-28 09:28:45 - app - INFO -  Dispatching to all layers in parallel...
2025-12-28 09:29:17 - app - INFO -  All layers completed - 4 results received
2025-12-28 09:29:17 - app - INFO -  Calculating final score...
2025-12-28 09:29:17 - app - INFO - ================================================================================
2025-12-28 09:29:17 - app - INFO -  VERIFICATION COMPLETE: ver_2a5ee6264bfd
2025-12-28 09:29:17 - app - INFO - Final Score: 59.84/100
2025-12-28 09:29:17 - app - INFO -   Verdict: SUSPICIOUS
2025-12-28 09:29:17 - app - INFO -  Confidence: MEDIUM
2025-12-28 09:29:17 - app - INFO -   Total Time: 31561ms
2025-12-28 09:29:17 - app - INFO -  Red Flags: 0
2025-12-28 09:29:17 - app - INFO -  Trust Indicators: 4
2025-12-28 09:29:17 - app - INFO - ================================================================================
2025-12-28 09:40:53 - app - INFO - ================================================================================
2025-12-28 09:40:53 - app - INFO -  SYNTHGUARD ORCHESTRATOR SHUTTING DOWN
2025-12-28 09:40:53 - app - INFO - ================================================================================
2025-12-28 09:41:07 - app - INFO - ================================================================================
2025-12-28 09:41:07 - app - INFO - SYNTHGUARD ORCHESTRATOR STARTING UP
2025-12-28 09:41:07 - app - INFO - ================================================================================
2025-12-28 09:41:14 - app - INFO - Orchestrator client initialized
2025-12-28 09:41:14 - app - INFO - Scoring engine initialized
2025-12-28 09:41:14 - app - INFO - Checking layer health...
2025-12-28 09:41:15 - app - INFO - ================================================================================
2025-12-28 09:41:15 - app - INFO - Server running on http://0.0.0.0:9000
2025-12-28 09:41:15 - app - INFO - ================================================================================
2025-12-28 10:13:27 - app - INFO - ================================================================================
2025-12-28 10:13:27 - app - INFO -  SYNTHGUARD ORCHESTRATOR SHUTTING DOWN
2025-12-28 10:13:27 - app - INFO - ================================================================================
2025-12-30 20:25:22 - app - INFO - ================================================================================
2025-12-30 20:25:22 - app - INFO - SYNTHGUARD ORCHESTRATOR STARTING UP
2025-12-30 20:25:22 - app - INFO - ================================================================================
2025-12-30 20:25:22 - app - INFO - Orchestrator client initialized
2025-12-30 20:25:22 - app - INFO - Scoring engine initialized
2025-12-30 20:25:22 - app - INFO - Checking layer health...
2025-12-30 20:25:23 - app - INFO - ================================================================================
2025-12-30 20:25:23 - app - INFO - Server running on http://0.0.0.0:9000
2025-12-30 20:25:23 - app - INFO - ================================================================================
2025-12-30 20:28:19 - app - INFO - ================================================================================
2025-12-30 20:28:19 - app - INFO -  NEW VERIFICATION REQUEST: ver_b41cefffdf78
2025-12-30 20:28:19 - app - INFO -  Identity: Shalini K (231801162@rajalakshmi.edu.in)
2025-12-30 20:28:19 - app - INFO - ================================================================================
2025-12-30 20:28:19 - app - INFO -  Dispatching to all layers in parallel...
2025-12-30 20:28:25 - app - INFO -  All layers completed - 3 results received
2025-12-30 20:28:25 - app - INFO -  Calculating final score...
2025-12-30 20:28:25 - app - INFO - ================================================================================
2025-12-30 20:28:25 - app - INFO -  VERIFICATION COMPLETE: ver_b41cefffdf78
2025-12-30 20:28:25 - app - INFO - Final Score: 77.39/100
2025-12-30 20:28:25 - app - INFO -   Verdict: SUSPICIOUS
2025-12-30 20:28:25 - app - INFO -  Confidence: MEDIUM
2025-12-30 20:28:25 - app - INFO -   Total Time: 5820ms
2025-12-30 20:28:25 - app - INFO -  Red Flags: 0
2025-12-30 20:28:25 - app - INFO -  Trust Indicators: 7
2025-12-30 20:28:25 - app - INFO - ================================================================================
